# JRE version: Java(TM) SE Runtime Environment (8.0_05-b13) (build 1.8.0_05-b13)
# Java VM: Java HotSpot(TM) 64-Bit Server VM (25.5-b02 mixed mode windows-amd64 compressed oops)
Heap:
 PSYoungGen      total 61952K, used 31240K [0x000000076bd80000, 0x000000076fd80000, 0x00000007c0000000)
  eden space 58880K, 48% used [0x000000076bd80000,0x000000076d975fb8,0x000000076f700000)
  from space 3072K, 84% used [0x000000076f700000,0x000000076f98c3c8,0x000000076fa00000)
  to   space 3072K, 0% used [0x000000076fa80000,0x000000076fa80000,0x000000076fd80000)
 ParOldGen       total 37888K, used 36384K [0x00000006c3800000, 0x00000006c5d00000, 0x000000076bd80000)
  object space 37888K, 96% used [0x00000006c3800000,0x00000006c5b88040,0x00000006c5d00000)
 Metaspace       used 31694K, capacity 32022K, committed 32512K, reserved 1077248K
  class space    used 4259K, capacity 4341K, committed 4352K, reserved 1048576K
GC Heap History (10 events):
Event: 557.311 GC heap before
{Heap before GC invocations=129 (full 4):
 PSYoungGen      total 60928K, used 60516K [0x000000076bd80000, 0x000000076fc00000, 0x00000007c0000000)
  eden space 57856K, 99% used [0x000000076bd80000,0x000000076f5feaa8,0x000000076f600000)
  from space 3072K, 86% used [0x000000076f900000,0x000000076fb9a730,0x000000076fc00000)
  to   space 3072K, 0% used [0x000000076f600000,0x000000076f600000,0x000000076f900000)
 ParOldGen       total 37888K, used 35504K [0x00000006c3800000, 0x00000006c5d00000, 0x000000076bd80000)
  object space 37888K, 93% used [0x00000006c3800000,0x00000006c5aac040,0x00000006c5d00000)
 Metaspace       used 31611K, capacity 31830K, committed 32256K, reserved 1077248K
  class space    used 4259K, capacity 4341K, committed 4352K, reserved 1048576K
Event: 557.313 GC heap after
Heap after GC invocations=129 (full 4):
 PSYoungGen      total 60928K, used 2704K [0x000000076bd80000, 0x000000076fc80000, 0x00000007c0000000)
  eden space 57856K, 0% used [0x000000076bd80000,0x000000076bd80000,0x000000076f600000)
  from space 3072K, 88% used [0x000000076f600000,0x000000076f8a42b0,0x000000076f900000)
  to   space 3072K, 0% used [0x000000076f980000,0x000000076f980000,0x000000076fc80000)
 ParOldGen       total 37888K, used 35672K [0x00000006c3800000, 0x00000006c5d00000, 0x000000076bd80000)
  object space 37888K, 94% used [0x00000006c3800000,0x00000006c5ad6040,0x00000006c5d00000)
 Metaspace       used 31611K, capacity 31830K, committed 32256K, reserved 1077248K
  class space    used 4259K, capacity 4341K, committed 4352K, reserved 1048576K
}
Event: 560.143 GC heap before
{Heap before GC invocations=130 (full 4):
 PSYoungGen      total 60928K, used 60560K [0x000000076bd80000, 0x000000076fc80000, 0x00000007c0000000)
  eden space 57856K, 100% used [0x000000076bd80000,0x000000076f600000,0x000000076f600000)
  from space 3072K, 88% used [0x000000076f600000,0x000000076f8a42b0,0x000000076f900000)
  to   space 3072K, 0% used [0x000000076f980000,0x000000076f980000,0x000000076fc80000)
 ParOldGen       total 37888K, used 35672K [0x00000006c3800000, 0x00000006c5d00000, 0x000000076bd80000)
  object space 37888K, 94% used [0x00000006c3800000,0x00000006c5ad6040,0x00000006c5d00000)
 Metaspace       used 31611K, capacity 31830K, committed 32256K, reserved 1077248K
  class space    used 4259K, capacity 4341K, committed 4352K, reserved 1048576K
Event: 560.145 GC heap after
Heap after GC invocations=130 (full 4):
 PSYoungGen      total 61440K, used 2874K [0x000000076bd80000, 0x000000076fc80000, 0x00000007c0000000)
  eden space 58368K, 0% used [0x000000076bd80000,0x000000076bd80000,0x000000076f680000)
  from space 3072K, 93% used [0x000000076f980000,0x000000076fc4e8c8,0x000000076fc80000)
  to   space 3072K, 0% used [0x000000076f680000,0x000000076f680000,0x000000076f980000)
 ParOldGen       total 37888K, used 35840K [0x00000006c3800000, 0x00000006c5d00000, 0x000000076bd80000)
  object space 37888K, 94% used [0x00000006c3800000,0x00000006c5b00040,0x00000006c5d00000)
 Metaspace       used 31611K, capacity 31830K, committed 32256K, reserved 1077248K
  class space    used 4259K, capacity 4341K, committed 4352K, reserved 1048576K
}
Event: 561.752 GC heap before
{Heap before GC invocations=131 (full 4):
 PSYoungGen      total 61440K, used 61234K [0x000000076bd80000, 0x000000076fc80000, 0x00000007c0000000)
  eden space 58368K, 99% used [0x000000076bd80000,0x000000076f67e2b0,0x000000076f680000)
  from space 3072K, 93% used [0x000000076f980000,0x000000076fc4e8c8,0x000000076fc80000)
  to   space 3072K, 0% used [0x000000076f680000,0x000000076f680000,0x000000076f980000)
 ParOldGen       total 37888K, used 35840K [0x00000006c3800000, 0x00000006c5d00000, 0x000000076bd80000)
  object space 37888K, 94% used [0x00000006c3800000,0x00000006c5b00040,0x00000006c5d00000)
 Metaspace       used 31611K, capacity 31830K, committed 32256K, reserved 1077248K
  class space    used 4259K, capacity 4341K, committed 4352K, reserved 1048576K
Event: 561.754 GC heap after
Heap after GC invocations=131 (full 4):
 PSYoungGen      total 61440K, used 2510K [0x000000076bd80000, 0x000000076fd00000, 0x00000007c0000000)
  eden space 58368K, 0% used [0x000000076bd80000,0x000000076bd80000,0x000000076f680000)
  from space 3072K, 81% used [0x000000076f680000,0x000000076f8f3828,0x000000076f980000)
  to   space 3072K, 0% used [0x000000076fa00000,0x000000076fa00000,0x000000076fd00000)
 ParOldGen       total 37888K, used 36008K [0x00000006c3800000, 0x00000006c5d00000, 0x000000076bd80000)
  object space 37888K, 95% used [0x00000006c3800000,0x00000006c5b2a040,0x00000006c5d00000)
 Metaspace       used 31611K, capacity 31830K, committed 32256K, reserved 1077248K
  class space    used 4259K, capacity 4341K, committed 4352K, reserved 1048576K
}
Event: 564.185 GC heap before
{Heap before GC invocations=132 (full 4):
 PSYoungGen      total 61440K, used 60874K [0x000000076bd80000, 0x000000076fd00000, 0x00000007c0000000)
  eden space 58368K, 99% used [0x000000076bd80000,0x000000076f67f028,0x000000076f680000)
  from space 3072K, 81% used [0x000000076f680000,0x000000076f8f3828,0x000000076f980000)
  to   space 3072K, 0% used [0x000000076fa00000,0x000000076fa00000,0x000000076fd00000)
 ParOldGen       total 37888K, used 36008K [0x00000006c3800000, 0x00000006c5d00000, 0x000000076bd80000)
  object space 37888K, 95% used [0x00000006c3800000,0x00000006c5b2a040,0x00000006c5d00000)
 Metaspace       used 31611K, capacity 31830K, committed 32256K, reserved 1077248K
  class space    used 4259K, capacity 4341K, committed 4352K, reserved 1048576K
Event: 564.186 GC heap after
Heap after GC invocations=132 (full 4):
 PSYoungGen      total 61952K, used 2543K [0x000000076bd80000, 0x000000076fd00000, 0x00000007c0000000)
  eden space 58880K, 0% used [0x000000076bd80000,0x000000076bd80000,0x000000076f700000)
  from space 3072K, 82% used [0x000000076fa00000,0x000000076fc7bde8,0x000000076fd00000)
  to   space 3072K, 0% used [0x000000076f700000,0x000000076f700000,0x000000076fa00000)
 ParOldGen       total 37888K, used 36200K [0x00000006c3800000, 0x00000006c5d00000, 0x000000076bd80000)
  object space 37888K, 95% used [0x00000006c3800000,0x00000006c5b5a040,0x00000006c5d00000)
 Metaspace       used 31611K, capacity 31830K, committed 32256K, reserved 1077248K
  class space    used 4259K, capacity 4341K, committed 4352K, reserved 1048576K
}
Event: 566.191 GC heap before
{Heap before GC invocations=133 (full 4):
 PSYoungGen      total 61952K, used 61420K [0x000000076bd80000, 0x000000076fd00000, 0x00000007c0000000)
  eden space 58880K, 99% used [0x000000076bd80000,0x000000076f6ff488,0x000000076f700000)
  from space 3072K, 82% used [0x000000076fa00000,0x000000076fc7bde8,0x000000076fd00000)
  to   space 3072K, 0% used [0x000000076f700000,0x000000076f700000,0x000000076fa00000)
 ParOldGen       total 37888K, used 36200K [0x00000006c3800000, 0x00000006c5d00000, 0x000000076bd80000)
  object space 37888K, 95% used [0x00000006c3800000,0x00000006c5b5a040,0x00000006c5d00000)
 Metaspace       used 31611K, capacity 31830K, committed 32256K, reserved 1077248K
  class space    used 4259K, capacity 4341K, committed 4352K, reserved 1048576K
Event: 566.192 GC heap after
Heap after GC invocations=133 (full 4):
 PSYoungGen      total 61952K, used 2608K [0x000000076bd80000, 0x000000076fd80000, 0x00000007c0000000)
  eden space 58880K, 0% used [0x000000076bd80000,0x000000076bd80000,0x000000076f700000)
  from space 3072K, 84% used [0x000000076f700000,0x000000076f98c3c8,0x000000076fa00000)
  to   space 3072K, 0% used [0x000000076fa80000,0x000000076fa80000,0x000000076fd80000)
 ParOldGen       total 37888K, used 36384K [0x00000006c3800000, 0x00000006c5d00000, 0x000000076bd80000)
  object space 37888K, 96% used [0x00000006c3800000,0x00000006c5b88040,0x00000006c5d00000)
 Metaspace       used 31611K, capacity 31830K, committed 32256K, reserved 1077248K
  class space    used 4259K, capacity 4341K, committed 4352K, reserved 1048576K
}

