# JRE version: Java(TM) SE Runtime Environment (8.0_05-b13) (build 1.8.0_05-b13)
# Java VM: Java HotSpot(TM) 64-Bit Server VM (25.5-b02 mixed mode windows-amd64 compressed oops)
Heap:
 PSYoungGen      total 64000K, used 35980K [0x000000076bd80000, 0x0000000770c80000, 0x00000007c0000000)
  eden space 52224K, 47% used [0x000000076bd80000,0x000000076d58b4f8,0x000000076f080000)
  from space 11776K, 96% used [0x000000076f080000,0x000000076fb97c78,0x000000076fc00000)
  to   space 13824K, 0% used [0x000000076ff00000,0x000000076ff00000,0x0000000770c80000)
 ParOldGen       total 26112K, used 21417K [0x00000006c3800000, 0x00000006c5180000, 0x000000076bd80000)
  object space 26112K, 82% used [0x00000006c3800000,0x00000006c4cea400,0x00000006c5180000)
 Metaspace       used 31483K, capacity 31818K, committed 32256K, reserved 1077248K
  class space    used 4245K, capacity 4339K, committed 4352K, reserved 1048576K
GC Heap History (10 events):
Event: 7.649 GC heap before
{Heap before GC invocations=26 (full 3):
 PSYoungGen      total 57344K, used 53984K [0x000000076bd80000, 0x000000076fb80000, 0x00000007c0000000)
  eden space 51200K, 100% used [0x000000076bd80000,0x000000076ef80000,0x000000076ef80000)
  from space 6144K, 45% used [0x000000076f580000,0x000000076f838010,0x000000076fb80000)
  to   space 6144K, 0% used [0x000000076ef80000,0x000000076ef80000,0x000000076f580000)
 ParOldGen       total 26112K, used 16083K [0x00000006c3800000, 0x00000006c5180000, 0x000000076bd80000)
  object space 26112K, 61% used [0x00000006c3800000,0x00000006c47b4c20,0x00000006c5180000)
 Metaspace       used 30614K, capacity 30954K, committed 31488K, reserved 1077248K
  class space    used 4216K, capacity 4307K, committed 4352K, reserved 1048576K
Event: 7.651 GC heap after
Heap after GC invocations=26 (full 3):
 PSYoungGen      total 57344K, used 5601K [0x000000076bd80000, 0x0000000770100000, 0x00000007c0000000)
  eden space 51200K, 0% used [0x000000076bd80000,0x000000076bd80000,0x000000076ef80000)
  from space 6144K, 91% used [0x000000076ef80000,0x000000076f4f8438,0x000000076f580000)
  to   space 7168K, 0% used [0x000000076fa00000,0x000000076fa00000,0x0000000770100000)
 ParOldGen       total 26112K, used 16091K [0x00000006c3800000, 0x00000006c5180000, 0x000000076bd80000)
  object space 26112K, 61% used [0x00000006c3800000,0x00000006c47b6c20,0x00000006c5180000)
 Metaspace       used 30614K, capacity 30954K, committed 31488K, reserved 1077248K
  class space    used 4216K, capacity 4307K, committed 4352K, reserved 1048576K
}
Event: 104.445 GC heap before
{Heap before GC invocations=27 (full 3):
 PSYoungGen      total 57344K, used 56795K [0x000000076bd80000, 0x0000000770100000, 0x00000007c0000000)
  eden space 51200K, 99% used [0x000000076bd80000,0x000000076ef7e7f0,0x000000076ef80000)
  from space 6144K, 91% used [0x000000076ef80000,0x000000076f4f8438,0x000000076f580000)
  to   space 7168K, 0% used [0x000000076fa00000,0x000000076fa00000,0x0000000770100000)
 ParOldGen       total 26112K, used 16091K [0x00000006c3800000, 0x00000006c5180000, 0x000000076bd80000)
  object space 26112K, 61% used [0x00000006c3800000,0x00000006c47b6c20,0x00000006c5180000)
 Metaspace       used 31291K, capacity 31562K, committed 32000K, reserved 1077248K
  class space    used 4245K, capacity 4339K, committed 4352K, reserved 1048576K
Event: 104.449 GC heap after
Heap after GC invocations=27 (full 3):
 PSYoungGen      total 60416K, used 7161K [0x000000076bd80000, 0x0000000770300000, 0x00000007c0000000)
  eden space 53248K, 0% used [0x000000076bd80000,0x000000076bd80000,0x000000076f180000)
  from space 7168K, 99% used [0x000000076fa00000,0x00000007700fe6e0,0x0000000770100000)
  to   space 8704K, 0% used [0x000000076f180000,0x000000076f180000,0x000000076fa00000)
 ParOldGen       total 26112K, used 16714K [0x00000006c3800000, 0x00000006c5180000, 0x000000076bd80000)
  object space 26112K, 64% used [0x00000006c3800000,0x00000006c4852840,0x00000006c5180000)
 Metaspace       used 31291K, capacity 31562K, committed 32000K, reserved 1077248K
  class space    used 4245K, capacity 4339K, committed 4352K, reserved 1048576K
}
Event: 112.788 GC heap before
{Heap before GC invocations=28 (full 3):
 PSYoungGen      total 60416K, used 60409K [0x000000076bd80000, 0x0000000770300000, 0x00000007c0000000)
  eden space 53248K, 100% used [0x000000076bd80000,0x000000076f180000,0x000000076f180000)
  from space 7168K, 99% used [0x000000076fa00000,0x00000007700fe6e0,0x0000000770100000)
  to   space 8704K, 0% used [0x000000076f180000,0x000000076f180000,0x000000076fa00000)
 ParOldGen       total 26112K, used 16714K [0x00000006c3800000, 0x00000006c5180000, 0x000000076bd80000)
  object space 26112K, 64% used [0x00000006c3800000,0x00000006c4852840,0x00000006c5180000)
 Metaspace       used 31293K, capacity 31562K, committed 32000K, reserved 1077248K
  class space    used 4245K, capacity 4339K, committed 4352K, reserved 1048576K
Event: 112.791 GC heap after
Heap after GC invocations=28 (full 3):
 PSYoungGen      total 61952K, used 7178K [0x000000076bd80000, 0x0000000770500000, 0x00000007c0000000)
  eden space 53248K, 0% used [0x000000076bd80000,0x000000076bd80000,0x000000076f180000)
  from space 8704K, 82% used [0x000000076f180000,0x000000076f882bb0,0x000000076fa00000)
  to   space 9216K, 0% used [0x000000076fc00000,0x000000076fc00000,0x0000000770500000)
 ParOldGen       total 26112K, used 17722K [0x00000006c3800000, 0x00000006c5180000, 0x000000076bd80000)
  object space 26112K, 67% used [0x00000006c3800000,0x00000006c494e840,0x00000006c5180000)
 Metaspace       used 31293K, capacity 31562K, committed 32000K, reserved 1077248K
  class space    used 4245K, capacity 4339K, committed 4352K, reserved 1048576K
}
Event: 119.302 GC heap before
{Heap before GC invocations=29 (full 3):
 PSYoungGen      total 61952K, used 60426K [0x000000076bd80000, 0x0000000770500000, 0x00000007c0000000)
  eden space 53248K, 100% used [0x000000076bd80000,0x000000076f180000,0x000000076f180000)
  from space 8704K, 82% used [0x000000076f180000,0x000000076f882bb0,0x000000076fa00000)
  to   space 9216K, 0% used [0x000000076fc00000,0x000000076fc00000,0x0000000770500000)
 ParOldGen       total 26112K, used 17722K [0x00000006c3800000, 0x00000006c5180000, 0x000000076bd80000)
  object space 26112K, 67% used [0x00000006c3800000,0x00000006c494e840,0x00000006c5180000)
 Metaspace       used 31431K, capacity 31754K, committed 32256K, reserved 1077248K
  class space    used 4245K, capacity 4339K, committed 4352K, reserved 1048576K
Event: 119.305 GC heap after
Heap after GC invocations=29 (full 3):
 PSYoungGen      total 61440K, used 9190K [0x000000076bd80000, 0x0000000770a00000, 0x00000007c0000000)
  eden space 52224K, 0% used [0x000000076bd80000,0x000000076bd80000,0x000000076f080000)
  from space 9216K, 99% used [0x000000076fc00000,0x00000007704f99f8,0x0000000770500000)
  to   space 11776K, 0% used [0x000000076f080000,0x000000076f080000,0x000000076fc00000)
 ParOldGen       total 26112K, used 20481K [0x00000006c3800000, 0x00000006c5180000, 0x000000076bd80000)
  object space 26112K, 78% used [0x00000006c3800000,0x00000006c4c00400,0x00000006c5180000)
 Metaspace       used 31431K, capacity 31754K, committed 32256K, reserved 1077248K
  class space    used 4245K, capacity 4339K, committed 4352K, reserved 1048576K
}
Event: 127.600 GC heap before
{Heap before GC invocations=30 (full 3):
 PSYoungGen      total 61440K, used 61414K [0x000000076bd80000, 0x0000000770a00000, 0x00000007c0000000)
  eden space 52224K, 100% used [0x000000076bd80000,0x000000076f080000,0x000000076f080000)
  from space 9216K, 99% used [0x000000076fc00000,0x00000007704f99f8,0x0000000770500000)
  to   space 11776K, 0% used [0x000000076f080000,0x000000076f080000,0x000000076fc00000)
 ParOldGen       total 26112K, used 20481K [0x00000006c3800000, 0x00000006c5180000, 0x000000076bd80000)
  object space 26112K, 78% used [0x00000006c3800000,0x00000006c4c00400,0x00000006c5180000)
 Metaspace       used 31431K, capacity 31754K, committed 32256K, reserved 1077248K
  class space    used 4245K, capacity 4339K, committed 4352K, reserved 1048576K
Event: 127.603 GC heap after
Heap after GC invocations=30 (full 3):
 PSYoungGen      total 64000K, used 11359K [0x000000076bd80000, 0x0000000770c80000, 0x00000007c0000000)
  eden space 52224K, 0% used [0x000000076bd80000,0x000000076bd80000,0x000000076f080000)
  from space 11776K, 96% used [0x000000076f080000,0x000000076fb97c78,0x000000076fc00000)
  to   space 13824K, 0% used [0x000000076ff00000,0x000000076ff00000,0x0000000770c80000)
 ParOldGen       total 26112K, used 21417K [0x00000006c3800000, 0x00000006c5180000, 0x000000076bd80000)
  object space 26112K, 82% used [0x00000006c3800000,0x00000006c4cea400,0x00000006c5180000)
 Metaspace       used 31431K, capacity 31754K, committed 32256K, reserved 1077248K
  class space    used 4245K, capacity 4339K, committed 4352K, reserved 1048576K
}

